<?xml version="1.0" encoding="UTF-8"?>
<!-- Generated by org.testng.reporters.JUnitReportReporter -->
<testsuite skipped="0" hostname="DESKTOP-3MHN21U" name="demo.TestNGPriority" tests="3" failures="0" timestamp="28 Feb 2019 17:49:05 GMT" time="0.039" errors="0">
  <testcase name="test3" time="0.031" classname="demo.TestNGPriority"/>
  <testcase name="test2" time="0.006" classname="demo.TestNGPriority"/>
  <testcase name="test1" time="0.002" classname="demo.TestNGPriority"/>
</testsuite> <!-- demo.TestNGPriority -->
