<?xml version="1.0" encoding="UTF-8"?>
<!-- Generated by org.testng.reporters.JUnitReportReporter -->
<testsuite skipped="0" hostname="DESKTOP-3MHN21U" name="demo.TestNGDependancyDemo" tests="2" failures="0" timestamp="01 Mar 2019 09:38:39 GMT" time="0.048" errors="0">
  <testcase name="test1" time="0.002" classname="demo.TestNGDependancyDemo"/>
  <testcase name="test2" time="0.046" classname="demo.TestNGDependancyDemo"/>
</testsuite> <!-- demo.TestNGDependancyDemo -->
