<?xml version="1.0" encoding="UTF-8"?>
<!-- Generated by org.testng.reporters.JUnitReportReporter -->
<testsuite skipped="0" hostname="DESKTOP-3MHN21U" name="demo.TestNgGroupsDemo" tests="2" failures="0" timestamp="28 Feb 2019 19:17:12 GMT" time="0.024" errors="0">
  <testcase name="test2" time="0.022" classname="demo.TestNgGroupsDemo"/>
  <testcase name="test3" time="0.002" classname="demo.TestNgGroupsDemo"/>
</testsuite> <!-- demo.TestNgGroupsDemo -->
