<?xml version="1.0" encoding="UTF-8"?>
<!-- Generated by org.testng.reporters.JUnitReportReporter -->
<testsuite skipped="1" hostname="DESKTOP-3MHN21U" name="demo.TestNGIgnoreDemo" tests="2" failures="0" timestamp="01 Mar 2019 09:54:37 GMT" time="0.049" errors="0">
  <testcase name="test2" time="0.049" classname="demo.TestNGIgnoreDemo"/>
  <testcase name="test1" classname="demo.TestNGIgnoreDemo">
    <skipped/>
  </testcase> <!-- test1 -->
</testsuite> <!-- demo.TestNGIgnoreDemo -->
