<?xml version="1.0" encoding="UTF-8"?>
<!-- Generated by org.testng.reporters.JUnitReportReporter -->
<testsuite skipped="0" hostname="DESKTOP-3MHN21U" name="com.test.TestNGDEmo" tests="1" failures="0" timestamp="28 Feb 2019 07:35:23 GMT" time="21.215" errors="0">
  <testcase name="googleSearch" time="21.215" classname="com.test.TestNGDEmo"/>
</testsuite> <!-- com.test.TestNGDEmo -->
