<?xml version="1.0" encoding="UTF-8"?>
<!-- Generated by org.testng.reporters.JUnitReportReporter -->
<testsuite skipped="0" hostname="DESKTOP-3MHN21U" name="com.test.TestNGDEmo2" tests="2" failures="0" timestamp="26 Feb 2019 17:28:46 GMT" time="34.272" errors="0">
  <testcase name="googleSearch2" time="21.163" classname="com.test.TestNGDEmo2"/>
  <testcase name="googleSearch3" time="13.109" classname="com.test.TestNGDEmo2"/>
</testsuite> <!-- com.test.TestNGDEmo2 -->
