<?xml version="1.0" encoding="UTF-8"?>
<!-- Generated by org.testng.reporters.JUnitReportReporter -->
<testsuite skipped="0" hostname="DESKTOP-3MHN21U" name="demo.TestNGParameterDemo" tests="1" failures="0" timestamp="01 Mar 2019 09:32:51 GMT" time="0.024" errors="0">
  <testcase name="test1" time="0.024" classname="demo.TestNGParameterDemo"/>
</testsuite> <!-- demo.TestNGParameterDemo -->
